<?xml version="1.0" encoding="utf-8"?><testsuites name="pytest tests"><testsuite name="pytest" errors="0" failures="0" skipped="0" tests="15" time="1.605" timestamp="2026-07-17T07:00:20.042726+00:00" hostname="agent-env-040ec1ef-6bd3-49b4-8cbf-b4de4ee8f8ba"><testcase classname="tests.test_iteration3.TestScheduler" name="test_schedule_due_and_fired_flow" time="0.346" /><testcase classname="tests.test_iteration3.TestMindLine" name="test_intro" time="0.174" /><testcase classname="tests.test_iteration3.TestMindLine" name="test_greeting_contains_name" time="0.042" /><testcase classname="tests.test_iteration3.TestMindLine" name="test_greeting_default_caller" time="0.081" /><testcase classname="tests.test_iteration3.TestMindLine" name="test_reply_family_keyword" time="0.084" /><testcase classname="tests.test_iteration3.TestScheduler" name="test_schedule_out_of_window_not_due" time="0.164" /><testcase classname="tests.test_iteration3.TestMindLine" name="test_reply_feel_reflective" time="0.043" /><testcase classname="tests.test_iteration3.TestMindLine" name="test_reply_empty" time="0.040" /><testcase classname="tests.test_iteration3.TestMindLine" name="test_reply_fallback" time="0.081" /><testcase classname="tests.test_iteration3.TestScheduler" name="test_schedule_fired_404" time="0.084" /><testcase classname="tests.test_iteration3.TestMindLine" name="test_signoff" time="0.041" /><testcase classname="tests.test_iteration3.TestVoicemails" name="test_voicemail_crud" time="0.503" /><testcase classname="tests.test_iteration3.TestDialMindline" name="test_menu_has_mindline_on_3" time="0.043" /><testcase classname="tests.test_iteration3.TestDialMindline" name="test_dial_3_returns_mindline" time="0.123" /><testcase classname="tests.test_iteration3.TestVoicemails" name="test_mark_missing_404" time="0.042" /></testsuite></testsuites>