<?xml version="1.0" encoding="utf-8"?><testsuites name="pytest tests"><testsuite name="pytest" errors="0" failures="0" skipped="0" tests="4" time="11.518" timestamp="2026-07-21T20:47:09.556232+00:00" hostname="agent-env-799577ab-a39d-479f-8266-610009520ec3"><testcase classname="tests.test_iteration15_count" name="test_count_reading_love_1988" time="4.074" /><testcase classname="tests.test_iteration15_count" name="test_count_empty_number_defaults" time="3.472" /><testcase classname="tests.test_iteration15_count" name="test_count_missing_fields_ok" time="3.343" /><testcase classname="tests.test_iteration15_count" name="test_personas_roster_includes_count_at_key_7" time="0.143" /></testsuite></testsuites>