<?xml version="1.0" encoding="utf-8"?><testsuites name="pytest tests"><testsuite name="pytest" errors="0" failures="0" skipped="0" tests="4" time="12.155" timestamp="2026-07-21T21:00:46.754123+00:00" hostname="agent-env-799577ab-a39d-479f-8266-610009520ec3"><testcase classname="tests.test_iteration16_sphinx.TestSphinx" name="test_gates_mode_full_payload" time="4.366" /><testcase classname="tests.test_iteration16_sphinx.TestSphinx" name="test_fourth_gate_mode" time="3.188" /><testcase classname="tests.test_iteration16_sphinx.TestSphinx" name="test_gates_empty_body_defaults" time="3.962" /><testcase classname="tests.test_iteration16_sphinx.TestSphinx" name="test_personas_sphinx_slot8" time="0.144" /></testsuite></testsuites>