<?xml version="1.0" encoding="utf-8"?><testsuites name="pytest tests"><testsuite name="pytest" errors="0" failures="0" skipped="0" tests="3" time="11.554" timestamp="2026-07-21T20:22:36.426879+00:00" hostname="agent-env-799577ab-a39d-479f-8266-610009520ec3"><testcase classname="tests.test_iteration13_zelda" name="test_zelda_love_topic" time="5.248" /><testcase classname="tests.test_iteration13_zelda" name="test_zelda_default_topic" time="5.702" /><testcase classname="tests.test_iteration13_zelda" name="test_personas_include_zelda_at_slot_6" time="0.097" /></testsuite></testsuites>