<?xml version="1.0" encoding="utf-8"?><testsuites name="pytest tests"><testsuite name="pytest" errors="0" failures="0" skipped="0" tests="10" time="1.558" timestamp="2026-07-19T02:49:12.863402+00:00" hostname="agent-env-799577ab-a39d-479f-8266-610009520ec3"><testcase classname="tests.test_iteration4.TestRegressionCore" name="test_dial_1_still_fortune" time="0.150" /><testcase classname="tests.test_iteration4.TestMagic8Dial" name="test_dial_8_routes_to_magic8" time="0.212" /><testcase classname="tests.test_iteration4.TestRegressionCore" name="test_dial_3_still_mindline" time="0.047" /><testcase classname="tests.test_iteration4.TestRegressionCore" name="test_dial_star_voicemail" time="0.041" /><testcase classname="tests.test_iteration4.TestMagic8Dial" name="test_magic8_endpoint_with_question" time="0.047" /><testcase classname="tests.test_iteration4.TestDialBoxRebrand" name="test_menu_greeting_mentions_dialbox" time="0.047" /><testcase classname="tests.test_iteration4.TestMagic8Dial" name="test_magic8_endpoint_no_question" time="0.084" /><testcase classname="tests.test_iteration4.TestDialBoxRebrand" name="test_root_api_ok" time="0.041" /><testcase classname="tests.test_iteration4.TestMagic8Dial" name="test_magic8_program_in_menu_key_8" time="0.047" /><testcase classname="tests.test_iteration4.TestMagic8Dial" name="test_magic8_variety" time="0.659" /></testsuite></testsuites>