<?xml version="1.0" encoding="utf-8"?><testsuites name="pytest tests"><testsuite name="pytest" errors="0" failures="0" skipped="0" tests="7" time="11.197" timestamp="2026-07-21T20:05:26.402674+00:00" hostname="agent-env-799577ab-a39d-479f-8266-610009520ec3"><testcase classname="tests.test_iteration12.TestSpiritTaco" name="test_tuesday_swaps_goy_to_spirit_taco" time="3.492" /><testcase classname="tests.test_iteration12.TestPersonaOrder" name="test_personas_exactly_9_in_order" time="0.169" /><testcase classname="tests.test_iteration12.TestPersonaOrder" name="test_cyndi_persona_metadata" time="0.119" /><testcase classname="tests.test_iteration12.TestRegression" name="test_zoltan_fortune" time="2.926" /><testcase classname="tests.test_iteration12.TestRegression" name="test_ruby_reading" time="4.807" /><testcase classname="tests.test_iteration12.TestSpiritTaco" name="test_non_tuesday_stays_goy" time="2.245" /><testcase classname="tests.test_iteration12.TestCyndiReading" name="test_cyndi_endpoint_returns_dual_voice" time="4.960" /></testsuite></testsuites>