<?xml version="1.0" encoding="utf-8"?><testsuites name="pytest tests"><testsuite name="pytest" errors="0" failures="0" skipped="0" tests="35" time="7.754" timestamp="2026-07-17T05:28:35.076653+00:00" hostname="agent-env-040ec1ef-6bd3-49b4-8cbf-b4de4ee8f8ba"><testcase classname="tests.backend_test.TestOracles" name="test_list_oracles_9_seeded" time="0.152" /><testcase classname="tests.backend_test.TestDial" name="test_dial_program_fortune_slug_personas" time="0.229" /><testcase classname="tests.backend_test.TestOracles" name="test_personas_endpoint_returns_active" time="0.039" /><testcase classname="tests.backend_test.TestOracles" name="test_oracle_crud_flow" time="0.431" /><testcase classname="tests.backend_test.TestDial" name="test_dial_secret_codes[666]" time="0.056" /><testcase classname="tests.backend_test.TestDial" name="test_dial_secret_codes[42]" time="0.058" /><testcase classname="tests.backend_test.TestDial" name="test_dial_secret_codes[007]" time="0.055" /><testcase classname="tests.backend_test.TestDial" name="test_dial_secret_codes[411]" time="0.049" /><testcase classname="tests.backend_test.TestDial" name="test_dial_secret_codes[900]" time="0.063" /><testcase classname="tests.backend_test.TestDial" name="test_dial_secret_codes[789]" time="0.090" /><testcase classname="tests.backend_test.TestDial" name="test_dial_secret_codes[88]" time="0.089" /><testcase classname="tests.backend_test.TestOracles" name="test_traveling_out_of_season_excluded" time="0.202" /><testcase classname="tests.backend_test.TestDial" name="test_dial_secret_codes[321]" time="0.054" /><testcase classname="tests.backend_test.TestDial" name="test_dial_secret_codes[1955]" time="0.046" /><testcase classname="tests.backend_test.TestDial" name="test_dial_secret_codes[2015]" time="0.096" /><testcase classname="tests.backend_test.TestFortune" name="test_fortune_generates_text[zoltan]" time="3.141" /><testcase classname="tests.backend_test.TestDial" name="test_dial_secret_codes[000]" time="0.079" /><testcase classname="tests.backend_test.TestDial" name="test_dial_secret_codes[13]" time="0.061" /><testcase classname="tests.backend_test.TestDial" name="test_dial_secret_codes[101]" time="0.050" /><testcase classname="tests.backend_test.TestDial" name="test_dial_secret_codes[1313]" time="0.050" /><testcase classname="tests.backend_test.TestDial" name="test_dial_411_has_branches" time="0.050" /><testcase classname="tests.backend_test.TestDial" name="test_dial_900_has_branches" time="0.050" /><testcase classname="tests.backend_test.TestDial" name="test_dial_secret_has_clue[007]" time="0.051" /><testcase classname="tests.backend_test.TestDial" name="test_dial_secret_has_clue[1955]" time="0.049" /><testcase classname="tests.backend_test.TestDial" name="test_dial_secret_has_clue[101]" time="0.049" /><testcase classname="tests.backend_test.TestDial" name="test_dial_555_wildcard" time="0.049" /><testcase classname="tests.backend_test.TestDial" name="test_dial_voicemail" time="0.058" /><testcase classname="tests.backend_test.TestDial" name="test_dial_invalid" time="0.049" /><testcase classname="tests.backend_test.TestMenu" name="test_menu_has_fortune_caller" time="0.052" /><testcase classname="tests.backend_test.TestPrograms" name="test_fortune_program_renamed" time="0.060" /><testcase classname="tests.backend_test.TestTTS" name="test_tts_persona_voice" time="0.883" /><testcase classname="tests.backend_test.TestSecretCodesCRUD" name="test_create_with_branches_and_clue" time="0.145" /><testcase classname="tests.backend_test.TestFortune" name="test_fortune_generates_text[sphinx]" time="1.747" /><testcase classname="tests.backend_test.TestFortune" name="test_fortune_generates_text[goy]" time="1.476" /><testcase classname="tests.backend_test.TestFortune" name="test_fortune_unknown_persona_404" time="0.041" /></testsuite></testsuites>