<?xml version="1.0" encoding="utf-8"?><testsuites name="pytest tests"><testsuite name="pytest" errors="0" failures="0" skipped="0" tests="22" time="13.155" timestamp="2026-07-17T02:52:36.876517+00:00" hostname="agent-env-040ec1ef-6bd3-49b4-8cbf-b4de4ee8f8ba"><testcase classname="tests.backend_test.TestDial" name="test_dial_program_fortune" time="0.182" /><testcase classname="tests.backend_test.TestFortune" name="test_fortune_generates_text[zoltan]" time="3.431" /><testcase classname="tests.backend_test.TestDial" name="test_dial_secret_codes[666]" time="0.124" /><testcase classname="tests.backend_test.TestDial" name="test_dial_secret_codes[42]" time="0.041" /><testcase classname="tests.backend_test.TestDial" name="test_dial_secret_codes[007]" time="0.076" /><testcase classname="tests.backend_test.TestDial" name="test_dial_secret_codes[13]" time="0.040" /><testcase classname="tests.backend_test.TestDial" name="test_dial_secret_codes[101]" time="0.043" /><testcase classname="tests.backend_test.TestDial" name="test_dial_voicemail" time="0.041" /><testcase classname="tests.backend_test.TestDial" name="test_dial_invalid" time="0.052" /><testcase classname="tests.backend_test.TestDial" name="test_dial_coming_soon" time="0.131" /><testcase classname="tests.backend_test.TestPrograms" name="test_list_programs_seeded" time="0.043" /><testcase classname="tests.backend_test.TestPrograms" name="test_patch_program_toggle_and_menu_key" time="0.128" /><testcase classname="tests.backend_test.TestPrograms" name="test_patch_unknown_program_404" time="0.045" /><testcase classname="tests.backend_test.TestSecretCodes" name="test_list_seeded" time="0.041" /><testcase classname="tests.backend_test.TestSecretCodes" name="test_crud_flow" time="0.206" /><testcase classname="tests.backend_test.TestMenu" name="test_menu_returns_greeting_and_fortune_and_voicemail" time="0.082" /><testcase classname="tests.backend_test.TestTTS" name="test_tts_persona" time="0.979" /><testcase classname="tests.backend_test.TestSchedules" name="test_crud_flow" time="0.179" /><testcase classname="tests.backend_test.TestFortune" name="test_fortune_generates_text[oz]" time="3.238" /><testcase classname="tests.backend_test.TestFortune" name="test_fortune_generates_text[gypsy]" time="3.049" /><testcase classname="tests.backend_test.TestFortune" name="test_fortune_generates_text[cookie]" time="2.897" /><testcase classname="tests.backend_test.TestFortune" name="test_fortune_unknown_persona" time="0.050" /></testsuite></testsuites>